2026-07-18T17:08:06Z INF Thank you for trying Cloudflare Tunnel. Doing so, without a Cloudflare account, is a quick way to experiment and try it out. However, be aware that these account-less Tunnels have no uptime guarantee, are subject to the Cloudflare Online Services Terms of Use (https://www.cloudflare.com/website-terms/), and Cloudflare reserves the right to investigate your use of Tunnels for violations of such terms. If you intend to use Tunnels in production you should use a pre-created named tunnel by following: https://developers.cloudflare.com/cloudflare-one/connections/connect-apps
2026-07-18T17:08:06Z INF Requesting new quick Tunnel on trycloudflare.com...
2026-07-18T17:08:12Z INF +--------------------------------------------------------------------------------------------+
2026-07-18T17:08:12Z INF |  Your quick Tunnel has been created! Visit it at (it may take some time to be reachable):  |
2026-07-18T17:08:12Z INF |  https://automation-bicycle-granted-seal.trycloudflare.com                                 |
2026-07-18T17:08:12Z INF +--------------------------------------------------------------------------------------------+
2026-07-18T17:08:12Z INF Cannot determine default configuration path. No file [config.yml config.yaml] in [~/.cloudflared ~/.cloudflare-warp ~/cloudflare-warp /etc/cloudflared /usr/local/etc/cloudflared]
2026-07-18T17:08:12Z INF Version 2026.7.1 (Checksum 79a0ade7fc854f62c1aaef48424d9d979e8c2fcd039189d24db82b84cd146be1)
2026-07-18T17:08:12Z INF GOOS: linux, GOVersion: go1.26.4, GoArch: amd64
2026-07-18T17:08:12Z INF Settings: map[ha-connections:1 protocol:quic url:http://localhost:3000]
2026-07-18T17:08:12Z INF Autoupdate frequency is set autoupdateFreq=86400000
2026-07-18T17:08:12Z INF Generated Connector ID: ac2bec4c-bc16-42bf-8b6a-7946a9cbdef4
2026-07-18T17:08:12Z INF Initial protocol quic
2026-07-18T17:08:12Z INF ICMP proxy will use 10.0.10.127 as source for IPv4
2026-07-18T17:08:12Z INF ICMP proxy will use fe80::6245:bdff:fead:2770 in zone eth0 as source for IPv6
2026/07/18 17:08:12 failed to sufficiently increase receive buffer size (was: 1024 kiB, wanted: 7168 kiB, got: 2048 kiB). See https://github.com/quic-go/quic-go/wiki/UDP-Buffer-Sizes for details.
2026-07-18T17:08:12Z INF ICMP proxy will use 10.0.10.127 as source for IPv4
2026-07-18T17:08:12Z INF ICMP proxy will use fe80::6245:bdff:fead:2770 in zone eth0 as source for IPv6
2026-07-18T17:08:12Z INF Starting metrics server on 127.0.0.1:20242/metrics
2026-07-18T17:08:12Z INF Tunnel connection curve preferences: [X25519MLKEM768 CurveID(65074) CurveP256] connIndex=0 event=0 ip=198.41.192.57
2026-07-18T17:08:13Z INF Registered tunnel connection connIndex=0 connection=4a8e1a25-05c4-4fc3-b779-e59d77edcc7a event=0 ip=198.41.192.57 location=bom03 protocol=quic
2026-07-18T17:08:18Z INF +-------------------------------------------------------------------------------------+
2026-07-18T17:08:18Z INF |                               CONNECTIVITY PRE-CHECKS                               |
2026-07-18T17:08:18Z INF +-------------------------------------------------------------------------------------+
2026-07-18T17:08:18Z INF |  COMPONENT         TARGET                     STATUS  DETAILS                       |
2026-07-18T17:08:18Z INF |  DNS Resolution    region1.v2.argotunnel.com  PASS    DNS Resolved successfully     |
2026-07-18T17:08:18Z INF |  DNS Resolution    region2.v2.argotunnel.com  PASS    DNS Resolved successfully     |
2026-07-18T17:08:18Z INF |  UDP Connectivity  region1.v2.argotunnel.com  PASS    QUIC connection successful    |
2026-07-18T17:08:18Z INF |  UDP Connectivity  region2.v2.argotunnel.com  PASS    QUIC connection successful    |
2026-07-18T17:08:18Z INF |  TCP Connectivity  region1.v2.argotunnel.com  PASS    HTTP/2 connection successful  |
2026-07-18T17:08:18Z INF |  TCP Connectivity  region2.v2.argotunnel.com  PASS    HTTP/2 connection successful  |
2026-07-18T17:08:18Z INF |  Cloudflare API    api.cloudflare.com:443     PASS    API is reachable              |
2026-07-18T17:08:18Z INF |                                                                                     |
2026-07-18T17:08:18Z INF |  SUMMARY: Environment is healthy. cloudflared will use 'quic' as primary protocol.  |
2026-07-18T17:08:18Z INF +-------------------------------------------------------------------------------------+
2026-07-18T17:08:18Z INF precheck component="DNS Resolution" details="DNS Resolved successfully" run_id=c7990985-2af4-4cb9-a110-b95d0f8b9005 status=pass target=region1.v2.argotunnel.com
2026-07-18T17:08:18Z INF precheck component="DNS Resolution" details="DNS Resolved successfully" run_id=c7990985-2af4-4cb9-a110-b95d0f8b9005 status=pass target=region2.v2.argotunnel.com
2026-07-18T17:08:18Z INF precheck component="UDP Connectivity" details="QUIC connection successful" run_id=c7990985-2af4-4cb9-a110-b95d0f8b9005 status=pass target=region1.v2.argotunnel.com
2026-07-18T17:08:18Z INF precheck component="UDP Connectivity" details="QUIC connection successful" run_id=c7990985-2af4-4cb9-a110-b95d0f8b9005 status=pass target=region2.v2.argotunnel.com
2026-07-18T17:08:18Z INF precheck component="TCP Connectivity" details="HTTP/2 connection successful" run_id=c7990985-2af4-4cb9-a110-b95d0f8b9005 status=pass target=region1.v2.argotunnel.com
2026-07-18T17:08:18Z INF precheck component="TCP Connectivity" details="HTTP/2 connection successful" run_id=c7990985-2af4-4cb9-a110-b95d0f8b9005 status=pass target=region2.v2.argotunnel.com
2026-07-18T17:08:18Z INF precheck component="Cloudflare API" details="API is reachable" run_id=c7990985-2af4-4cb9-a110-b95d0f8b9005 status=pass target=api.cloudflare.com:443
2026-07-18T17:08:18Z INF precheck complete hard_fail=false run_id=c7990985-2af4-4cb9-a110-b95d0f8b9005 suggested_protocol=quic
2026-07-18T17:09:13Z ERR  error="Incoming request ended abruptly: context canceled" connIndex=0 event=1 ingressRule=0 originService=http://localhost:3000
2026-07-18T17:09:13Z ERR Request failed error="Incoming request ended abruptly: context canceled" connIndex=0 dest=https://automation-bicycle-granted-seal.trycloudflare.com/login?callbackUrl=%2F event=0 ip=198.41.192.57 type=http
2026-07-18T17:10:44Z ERR  error="Incoming request ended abruptly: context canceled" connIndex=0 event=1 ingressRule=0 originService=http://localhost:3000
2026-07-18T17:10:44Z ERR Request failed error="Incoming request ended abruptly: context canceled" connIndex=0 dest=https://automation-bicycle-granted-seal.trycloudflare.com/login?callbackUrl=%2F event=0 ip=198.41.192.57 type=http
https://doctor-charming-sections-silicon.trycloudflare.com
