
> temp_app@0.1.0 dev
> next dev

▲ Next.js 16.2.10 (Turbopack)
- Local:         http://localhost:3000
- Network:       http://10.0.0.31:3000
- Environments: .env.local, .env
✓ Ready in 1145ms
⚠ Slow filesystem detected. The benchmark took 2104ms. If /workspaces/fundation_next/.next/dev is a network drive, consider moving it to a local folder.
See more: https://nextjs.org/docs/app/guides/local-development
- Experiments (use with caution):
  · serverActions

○ Compiling /login ...
[next-auth][warn][NEXTAUTH_URL] 
https://next-auth.js.org/warnings#nextauth_url
 GET /login?callbackUrl=%2Fgrants%2Fnew 200 in 24.7s (next.js: 23.8s, application-code: 951ms)
 GET /api/auth/session 200 in 3.5s (next.js: 3.4s, application-code: 141ms)
 GET /api/auth/session 200 in 760ms (next.js: 373ms, application-code: 386ms)
✓ Finished filesystem cache database compaction in 11.7s
 GET /api/auth/providers 200 in 369ms (next.js: 194ms, application-code: 175ms)
 GET /api/auth/csrf 200 in 15ms (next.js: 3ms, application-code: 13ms)
prisma:query SELECT `main`.`User`.`id`, `main`.`User`.`name`, `main`.`User`.`username`, `main`.`User`.`email`, `main`.`User`.`mobile`, `main`.`User`.`password`, `main`.`User`.`roleId`, `main`.`User`.`status`, `main`.`User`.`lastLogin`, `main`.`User`.`photo`, `main`.`User`.`createdAt`, `main`.`User`.`updatedAt` FROM `main`.`User` WHERE (`main`.`User`.`username` = ? OR `main`.`User`.`email` = ?) LIMIT ? OFFSET ?
prisma:query SELECT `main`.`Role`.`id`, `main`.`Role`.`name`, `main`.`Role`.`description`, `main`.`Role`.`createdAt`, `main`.`Role`.`updatedAt` FROM `main`.`Role` WHERE `main`.`Role`.`id` IN (?) LIMIT ? OFFSET ?
prisma:query INSERT INTO `main`.`AuditLog` (`id`, `userId`, `action`, `module`, `ipAddress`, `device`, `browser`, `createdAt`) VALUES (?,?,?,?,?,?,?,?) RETURNING `id` AS `id`, `userId` AS `userId`, `action` AS `action`, `module` AS `module`, `referenceId` AS `referenceId`, `oldValue` AS `oldValue`, `newValue` AS `newValue`, `ipAddress` AS `ipAddress`, `device` AS `device`, `browser` AS `browser`, `remarks` AS `remarks`, `createdAt` AS `createdAt`
prisma:query UPDATE `main`.`User` SET `lastLogin` = ?, `updatedAt` = ? WHERE (`main`.`User`.`id` = ? AND 1=1) RETURNING `id` AS `id`, `name` AS `name`, `username` AS `username`, `email` AS `email`, `mobile` AS `mobile`, `password` AS `password`, `roleId` AS `roleId`, `status` AS `status`, `lastLogin` AS `lastLogin`, `photo` AS `photo`, `createdAt` AS `createdAt`, `updatedAt` AS `updatedAt`
 POST /api/auth/callback/credentials 200 in 420ms (next.js: 4ms, application-code: 417ms)
 GET /api/auth/session 200 in 18ms (next.js: 4ms, application-code: 14ms)
prisma:query SELECT COUNT(*) AS `_count$_all` FROM (SELECT `main`.`Member`.`id` FROM `main`.`Member` WHERE 1=1 LIMIT ? OFFSET ?) AS `sub`
prisma:query SELECT COUNT(*) AS `_count$_all` FROM (SELECT `main`.`Member`.`id` FROM `main`.`Member` WHERE `main`.`Member`.`status` = ? LIMIT ? OFFSET ?) AS `sub`
prisma:query SELECT COUNT(*) AS `_count$_all` FROM (SELECT `main`.`Group`.`id` FROM `main`.`Group` WHERE 1=1 LIMIT ? OFFSET ?) AS `sub`
prisma:query SELECT COUNT(*) AS `_count$_all` FROM (SELECT `main`.`Beneficiary`.`id` FROM `main`.`Beneficiary` WHERE 1=1 LIMIT ? OFFSET ?) AS `sub`
prisma:query SELECT COUNT(*) AS `_count$_all` FROM (SELECT `main`.`Loan`.`id` FROM `main`.`Loan` WHERE `main`.`Loan`.`status` = ? LIMIT ? OFFSET ?) AS `sub`
prisma:query SELECT `main`.`Fund`.`id`, `main`.`Fund`.`groupId`, `main`.`Fund`.`name`, `main`.`Fund`.`description`, `main`.`Fund`.`createdAt`, `main`.`Fund`.`updatedAt`, `main`.`Fund`.`createdBy`, `main`.`Fund`.`updatedBy` FROM `main`.`Fund` WHERE 1=1 LIMIT ? OFFSET ?
prisma:query SELECT `main`.`LedgerEntry`.`id`, `main`.`LedgerEntry`.`transactionId`, `main`.`LedgerEntry`.`fundId`, `main`.`LedgerEntry`.`isCredit`, `main`.`LedgerEntry`.`amount`, `main`.`LedgerEntry`.`createdAt`, `main`.`LedgerEntry`.`updatedAt`, `main`.`LedgerEntry`.`createdBy`, `main`.`LedgerEntry`.`updatedBy`, `main`.`LedgerEntry`.`groupId`, `main`.`LedgerEntry`.`groupCode`, `main`.`LedgerEntry`.`groupName` FROM `main`.`LedgerEntry` WHERE `main`.`LedgerEntry`.`fundId` IN (?,?) LIMIT ? OFFSET ?
prisma:query SELECT `main`.`Group`.`id`, `main`.`Group`.`foundationId`, `main`.`Group`.`name`, `main`.`Group`.`code`, `main`.`Group`.`shortName`, `main`.`Group`.`description`, `main`.`Group`.`remarks`, `main`.`Group`.`status`, `main`.`Group`.`createdAt`, `main`.`Group`.`updatedAt`, `main`.`Group`.`createdBy`, `main`.`Group`.`updatedBy` FROM `main`.`Group` WHERE `main`.`Group`.`id` IN (?) LIMIT ? OFFSET ?
prisma:query SELECT `main`.`Loan`.`id`, `main`.`Loan`.`loanNumber`, `main`.`Loan`.`memberId`, `main`.`Loan`.`beneficiaryId`, `main`.`Loan`.`amount`, `main`.`Loan`.`loanType`, `main`.`Loan`.`businessType`, `main`.`Loan`.`purpose`, `main`.`Loan`.`requestedDate`, `main`.`Loan`.`dateApproved`, `main`.`Loan`.`disbursedDate`, `main`.`Loan`.`installmentCount`, `main`.`Loan`.`installmentAmount`, `main`.`Loan`.`status`, `main`.`Loan`.`notes`, `main`.`Loan`.`createdAt`, `main`.`Loan`.`updatedAt`, `main`.`Loan`.`createdBy`, `main`.`Loan`.`updatedBy` FROM `main`.`Loan` WHERE `main`.`Loan`.`status` IN (?,?) LIMIT ? OFFSET ?
prisma:query SELECT COUNT(*) AS `_count$_all` FROM (SELECT `main`.`Grant`.`id` FROM `main`.`Grant` WHERE 1=1 LIMIT ? OFFSET ?) AS `sub`
prisma:query SELECT SUM(`expectedAmount`) AS `_sum$expectedAmount` FROM (SELECT `main`.`MonthlyContribution`.`expectedAmount` FROM `main`.`MonthlyContribution` WHERE `main`.`MonthlyContribution`.`status` = ? LIMIT ? OFFSET ?) AS `sub`
prisma:query SELECT `main`.`MonthlyContribution`.`id`, `main`.`MonthlyContribution`.`expectedAmount`, `main`.`MonthlyContribution`.`createdAt` FROM `main`.`MonthlyContribution` WHERE (`main`.`MonthlyContribution`.`status` = ? AND `main`.`MonthlyContribution`.`createdAt` >= ?) LIMIT ? OFFSET ?
prisma:query SELECT `main`.`Loan`.`id`, `main`.`Loan`.`amount`, `main`.`Loan`.`createdAt` FROM `main`.`Loan` WHERE `main`.`Loan`.`createdAt` >= ? LIMIT ? OFFSET ?
prisma:query SELECT `main`.`Grant`.`id`, `main`.`Grant`.`amount`, `main`.`Grant`.`createdAt` FROM `main`.`Grant` WHERE `main`.`Grant`.`createdAt` >= ? LIMIT ? OFFSET ?
 GET / 200 in 1870ms (next.js: 1569ms, proxy.ts: 45ms, application-code: 256ms)
prisma:query SELECT COUNT(*) AS `_count$_all` FROM (SELECT `main`.`Member`.`id` FROM `main`.`Member` WHERE 1=1 LIMIT ? OFFSET ?) AS `sub`
prisma:query SELECT COUNT(*) AS `_count$_all` FROM (SELECT `main`.`Loan`.`id` FROM `main`.`Loan` WHERE `main`.`Loan`.`status` = ? LIMIT ? OFFSET ?) AS `sub`
prisma:query SELECT COUNT(*) AS `_count$_all` FROM (SELECT `main`.`Grant`.`id` FROM `main`.`Grant` WHERE 1=1 LIMIT ? OFFSET ?) AS `sub`
prisma:query SELECT `main`.`Fund`.`id`, `main`.`Fund`.`groupId`, `main`.`Fund`.`name`, `main`.`Fund`.`description`, `main`.`Fund`.`createdAt`, `main`.`Fund`.`updatedAt`, `main`.`Fund`.`createdBy`, `main`.`Fund`.`updatedBy` FROM `main`.`Fund` WHERE 1=1 LIMIT ? OFFSET ?
prisma:query SELECT `main`.`LedgerEntry`.`id`, `main`.`LedgerEntry`.`transactionId`, `main`.`LedgerEntry`.`fundId`, `main`.`LedgerEntry`.`isCredit`, `main`.`LedgerEntry`.`amount`, `main`.`LedgerEntry`.`createdAt`, `main`.`LedgerEntry`.`updatedAt`, `main`.`LedgerEntry`.`createdBy`, `main`.`LedgerEntry`.`updatedBy`, `main`.`LedgerEntry`.`groupId`, `main`.`LedgerEntry`.`groupCode`, `main`.`LedgerEntry`.`groupName` FROM `main`.`LedgerEntry` WHERE `main`.`LedgerEntry`.`fundId` IN (?,?) LIMIT ? OFFSET ?
prisma:query SELECT `main`.`Group`.`id`, `main`.`Group`.`foundationId`, `main`.`Group`.`name`, `main`.`Group`.`code`, `main`.`Group`.`shortName`, `main`.`Group`.`description`, `main`.`Group`.`remarks`, `main`.`Group`.`status`, `main`.`Group`.`createdAt`, `main`.`Group`.`updatedAt`, `main`.`Group`.`createdBy`, `main`.`Group`.`updatedBy` FROM `main`.`Group` WHERE `main`.`Group`.`id` IN (?) LIMIT ? OFFSET ?
prisma:query SELECT COUNT(*) AS `_count$_all` FROM (SELECT `main`.`Member`.`id` FROM `main`.`Member` WHERE `main`.`Member`.`status` = ? LIMIT ? OFFSET ?) AS `sub`
prisma:query SELECT COUNT(*) AS `_count$_all` FROM (SELECT `main`.`Group`.`id` FROM `main`.`Group` WHERE 1=1 LIMIT ? OFFSET ?) AS `sub`
prisma:query SELECT COUNT(*) AS `_count$_all` FROM (SELECT `main`.`Beneficiary`.`id` FROM `main`.`Beneficiary` WHERE 1=1 LIMIT ? OFFSET ?) AS `sub`
prisma:query SELECT `main`.`Loan`.`id`, `main`.`Loan`.`loanNumber`, `main`.`Loan`.`memberId`, `main`.`Loan`.`beneficiaryId`, `main`.`Loan`.`amount`, `main`.`Loan`.`loanType`, `main`.`Loan`.`businessType`, `main`.`Loan`.`purpose`, `main`.`Loan`.`requestedDate`, `main`.`Loan`.`dateApproved`, `main`.`Loan`.`disbursedDate`, `main`.`Loan`.`installmentCount`, `main`.`Loan`.`installmentAmount`, `main`.`Loan`.`status`, `main`.`Loan`.`notes`, `main`.`Loan`.`createdAt`, `main`.`Loan`.`updatedAt`, `main`.`Loan`.`createdBy`, `main`.`Loan`.`updatedBy` FROM `main`.`Loan` WHERE `main`.`Loan`.`status` IN (?,?) LIMIT ? OFFSET ?
prisma:query SELECT SUM(`expectedAmount`) AS `_sum$expectedAmount` FROM (SELECT `main`.`MonthlyContribution`.`expectedAmount` FROM `main`.`MonthlyContribution` WHERE `main`.`MonthlyContribution`.`status` = ? LIMIT ? OFFSET ?) AS `sub`
prisma:query SELECT `main`.`MonthlyContribution`.`id`, `main`.`MonthlyContribution`.`expectedAmount`, `main`.`MonthlyContribution`.`createdAt` FROM `main`.`MonthlyContribution` WHERE (`main`.`MonthlyContribution`.`status` = ? AND `main`.`MonthlyContribution`.`createdAt` >= ?) LIMIT ? OFFSET ?
prisma:query SELECT `main`.`Loan`.`id`, `main`.`Loan`.`amount`, `main`.`Loan`.`createdAt` FROM `main`.`Loan` WHERE `main`.`Loan`.`createdAt` >= ? LIMIT ? OFFSET ?
prisma:query SELECT `main`.`Grant`.`id`, `main`.`Grant`.`amount`, `main`.`Grant`.`createdAt` FROM `main`.`Grant` WHERE `main`.`Grant`.`createdAt` >= ? LIMIT ? OFFSET ?
 GET / 200 in 114ms (next.js: 5ms, proxy.ts: 10ms, application-code: 98ms)
prisma:query SELECT `main`.`Beneficiary`.`id`, `main`.`Beneficiary`.`beneficiaryId`, `main`.`Beneficiary`.`memberId`, `main`.`Beneficiary`.`fullName`, `main`.`Beneficiary`.`email`, `main`.`Beneficiary`.`phone`, `main`.`Beneficiary`.`mobile`, `main`.`Beneficiary`.`address`, `main`.`Beneficiary`.`presentAddress`, `main`.`Beneficiary`.`permanentAddress`, `main`.`Beneficiary`.`nationalId`, `main`.`Beneficiary`.`idDocumentType`, `main`.`Beneficiary`.`fatherOrHusbandName`, `main`.`Beneficiary`.`beneficiaryPhoto`, `main`.`Beneficiary`.`nidOrBirthCertificate`, `main`.`Beneficiary`.`occupation`, `main`.`Beneficiary`.`remarks`, `main`.`Beneficiary`.`relationToMember`, `main`.`Beneficiary`.`assistanceType`, `main`.`Beneficiary`.`assistanceReason`, `main`.`Beneficiary`.`loanReason`, `main`.`Beneficiary`.`businessType`, `main`.`Beneficiary`.`loanPurpose`, `main`.`Beneficiary`.`loanAmount`, `main`.`Beneficiary`.`emergencyContactName`, `main`.`Beneficiary`.`emergencyContactRelation`, `main`.`Beneficiary`.`emergencyContactMobile`, `main`.`Beneficiary`.`status`, `main`.`Beneficiary`.`createdAt`, `main`.`Beneficiary`.`updatedAt`, `main`.`Beneficiary`.`createdBy`, `main`.`Beneficiary`.`updatedBy` FROM `main`.`Beneficiary` WHERE 1=1 ORDER BY `main`.`Beneficiary`.`createdAt` DESC LIMIT ? OFFSET ?
prisma:query SELECT `main`.`Group`.`id`, `main`.`Group`.`foundationId`, `main`.`Group`.`name`, `main`.`Group`.`code`, `main`.`Group`.`shortName`, `main`.`Group`.`description`, `main`.`Group`.`remarks`, `main`.`Group`.`status`, `main`.`Group`.`createdAt`, `main`.`Group`.`updatedAt`, `main`.`Group`.`createdBy`, `main`.`Group`.`updatedBy`, COALESCE(`aggr_selection_0_Member`.`_aggr_count_members`, 0) AS `_aggr_count_members` FROM `main`.`Group` LEFT JOIN (SELECT `main`.`Member`.`groupId`, COUNT(*) AS `_aggr_count_members` FROM `main`.`Member` WHERE 1=1 GROUP BY `main`.`Member`.`groupId`) AS `aggr_selection_0_Member` ON (`main`.`Group`.`id` = `aggr_selection_0_Member`.`groupId`) WHERE 1=1 ORDER BY `main`.`Group`.`createdAt` DESC LIMIT ? OFFSET ?
prisma:query SELECT `main`.`Fund`.`id`, `main`.`Fund`.`groupId` FROM `main`.`Fund` WHERE `main`.`Fund`.`groupId` IN (?,?,?) LIMIT ? OFFSET ?
prisma:query SELECT SUM(`main`.`LedgerEntry`.`amount`) AS `_sum$amount`, `main`.`LedgerEntry`.`fundId`, `main`.`LedgerEntry`.`isCredit` FROM `main`.`LedgerEntry` WHERE `main`.`LedgerEntry`.`fundId` IN (?) GROUP BY `main`.`LedgerEntry`.`fundId`, `main`.`LedgerEntry`.`isCredit` LIMIT ? OFFSET ?
 GET /grants/new 200 in 734ms (next.js: 594ms, proxy.ts: 4ms, application-code: 136ms)
[browser] Uncaught TypeError: currentAmount.toFixed is not a function
    at GrantForm (src/features/grants/components/grant-form.tsx:315:70)
    at AddGrantPage (src/app/grants/new/page.tsx:28:7)
  313 | ...className="text-muted-foreground mr-2">মোট বরাদ্দ:</span>
  314 | ...className={`font-bold ${totalAllocated !== currentAmount ? 'text-destructive' : 'text-...
> 315 | ...totalAllocated.toFixed(2)} / ৳{currentAmount.toFixed(2)}
      |                                             ^
  316 | ...>
  317 | ...
  318 | ...
prisma:query SELECT 1
prisma:query SELECT `main`.`Beneficiary`.`id`, `main`.`Beneficiary`.`beneficiaryId`, `main`.`Beneficiary`.`memberId`, `main`.`Beneficiary`.`fullName`, `main`.`Beneficiary`.`email`, `main`.`Beneficiary`.`phone`, `main`.`Beneficiary`.`mobile`, `main`.`Beneficiary`.`address`, `main`.`Beneficiary`.`presentAddress`, `main`.`Beneficiary`.`permanentAddress`, `main`.`Beneficiary`.`nationalId`, `main`.`Beneficiary`.`idDocumentType`, `main`.`Beneficiary`.`fatherOrHusbandName`, `main`.`Beneficiary`.`beneficiaryPhoto`, `main`.`Beneficiary`.`nidOrBirthCertificate`, `main`.`Beneficiary`.`occupation`, `main`.`Beneficiary`.`remarks`, `main`.`Beneficiary`.`relationToMember`, `main`.`Beneficiary`.`assistanceType`, `main`.`Beneficiary`.`assistanceReason`, `main`.`Beneficiary`.`loanReason`, `main`.`Beneficiary`.`businessType`, `main`.`Beneficiary`.`loanPurpose`, `main`.`Beneficiary`.`loanAmount`, `main`.`Beneficiary`.`emergencyContactName`, `main`.`Beneficiary`.`emergencyContactRelation`, `main`.`Beneficiary`.`emergencyContactMobile`, `main`.`Beneficiary`.`status`, `main`.`Beneficiary`.`createdAt`, `main`.`Beneficiary`.`updatedAt`, `main`.`Beneficiary`.`createdBy`, `main`.`Beneficiary`.`updatedBy` FROM `main`.`Beneficiary` WHERE 1=1 ORDER BY `main`.`Beneficiary`.`createdAt` DESC LIMIT ? OFFSET ?
prisma:query SELECT `main`.`Group`.`id`, `main`.`Group`.`foundationId`, `main`.`Group`.`name`, `main`.`Group`.`code`, `main`.`Group`.`shortName`, `main`.`Group`.`description`, `main`.`Group`.`remarks`, `main`.`Group`.`status`, `main`.`Group`.`createdAt`, `main`.`Group`.`updatedAt`, `main`.`Group`.`createdBy`, `main`.`Group`.`updatedBy`, COALESCE(`aggr_selection_0_Member`.`_aggr_count_members`, 0) AS `_aggr_count_members` FROM `main`.`Group` LEFT JOIN (SELECT `main`.`Member`.`groupId`, COUNT(*) AS `_aggr_count_members` FROM `main`.`Member` WHERE 1=1 GROUP BY `main`.`Member`.`groupId`) AS `aggr_selection_0_Member` ON (`main`.`Group`.`id` = `aggr_selection_0_Member`.`groupId`) WHERE 1=1 ORDER BY `main`.`Group`.`createdAt` DESC LIMIT ? OFFSET ?
prisma:query SELECT `main`.`Fund`.`id`, `main`.`Fund`.`groupId` FROM `main`.`Fund` WHERE `main`.`Fund`.`groupId` IN (?,?,?) LIMIT ? OFFSET ?
prisma:query SELECT SUM(`main`.`LedgerEntry`.`amount`) AS `_sum$amount`, `main`.`LedgerEntry`.`fundId`, `main`.`LedgerEntry`.`isCredit` FROM `main`.`LedgerEntry` WHERE `main`.`LedgerEntry`.`fundId` IN (?) GROUP BY `main`.`LedgerEntry`.`fundId`, `main`.`LedgerEntry`.`isCredit` LIMIT ? OFFSET ?
 GET /grants/new 200 in 393ms (next.js: 7ms, proxy.ts: 9ms, application-code: 377ms)
 GET /api/auth/session 200 in 131ms (next.js: 118ms, application-code: 14ms)
[browser] Uncaught TypeError: currentAmount.toFixed is not a function
    at GrantForm (src/features/grants/components/grant-form.tsx:315:70)
    at AddGrantPage (src/app/grants/new/page.tsx:28:7)
  313 | ...className="text-muted-foreground mr-2">মোট বরাদ্দ:</span>
  314 | ...className={`font-bold ${totalAllocated !== currentAmount ? 'text-destructive' : 'text-...
> 315 | ...totalAllocated.toFixed(2)} / ৳{currentAmount.toFixed(2)}
      |                                             ^
  316 | ...>
  317 | ...
  318 | ...
✓ Compiled in 1577ms
⚠ Fast Refresh had to perform a full reload due to a runtime error.
prisma:query SELECT 1
prisma:query SELECT `main`.`Beneficiary`.`id`, `main`.`Beneficiary`.`beneficiaryId`, `main`.`Beneficiary`.`memberId`, `main`.`Beneficiary`.`fullName`, `main`.`Beneficiary`.`email`, `main`.`Beneficiary`.`phone`, `main`.`Beneficiary`.`mobile`, `main`.`Beneficiary`.`address`, `main`.`Beneficiary`.`presentAddress`, `main`.`Beneficiary`.`permanentAddress`, `main`.`Beneficiary`.`nationalId`, `main`.`Beneficiary`.`idDocumentType`, `main`.`Beneficiary`.`fatherOrHusbandName`, `main`.`Beneficiary`.`beneficiaryPhoto`, `main`.`Beneficiary`.`nidOrBirthCertificate`, `main`.`Beneficiary`.`occupation`, `main`.`Beneficiary`.`remarks`, `main`.`Beneficiary`.`relationToMember`, `main`.`Beneficiary`.`assistanceType`, `main`.`Beneficiary`.`assistanceReason`, `main`.`Beneficiary`.`loanReason`, `main`.`Beneficiary`.`businessType`, `main`.`Beneficiary`.`loanPurpose`, `main`.`Beneficiary`.`loanAmount`, `main`.`Beneficiary`.`emergencyContactName`, `main`.`Beneficiary`.`emergencyContactRelation`, `main`.`Beneficiary`.`emergencyContactMobile`, `main`.`Beneficiary`.`status`, `main`.`Beneficiary`.`createdAt`, `main`.`Beneficiary`.`updatedAt`, `main`.`Beneficiary`.`createdBy`, `main`.`Beneficiary`.`updatedBy` FROM `main`.`Beneficiary` WHERE 1=1 ORDER BY `main`.`Beneficiary`.`createdAt` DESC LIMIT ? OFFSET ?
prisma:query SELECT `main`.`Group`.`id`, `main`.`Group`.`foundationId`, `main`.`Group`.`name`, `main`.`Group`.`code`, `main`.`Group`.`shortName`, `main`.`Group`.`description`, `main`.`Group`.`remarks`, `main`.`Group`.`status`, `main`.`Group`.`createdAt`, `main`.`Group`.`updatedAt`, `main`.`Group`.`createdBy`, `main`.`Group`.`updatedBy`, COALESCE(`aggr_selection_0_Member`.`_aggr_count_members`, 0) AS `_aggr_count_members` FROM `main`.`Group` LEFT JOIN (SELECT `main`.`Member`.`groupId`, COUNT(*) AS `_aggr_count_members` FROM `main`.`Member` WHERE 1=1 GROUP BY `main`.`Member`.`groupId`) AS `aggr_selection_0_Member` ON (`main`.`Group`.`id` = `aggr_selection_0_Member`.`groupId`) WHERE 1=1 ORDER BY `main`.`Group`.`createdAt` DESC LIMIT ? OFFSET ?
prisma:query SELECT `main`.`Fund`.`id`, `main`.`Fund`.`groupId` FROM `main`.`Fund` WHERE `main`.`Fund`.`groupId` IN (?,?,?) LIMIT ? OFFSET ?
prisma:query SELECT SUM(`main`.`LedgerEntry`.`amount`) AS `_sum$amount`, `main`.`LedgerEntry`.`fundId`, `main`.`LedgerEntry`.`isCredit` FROM `main`.`LedgerEntry` WHERE `main`.`LedgerEntry`.`fundId` IN (?) GROUP BY `main`.`LedgerEntry`.`fundId`, `main`.`LedgerEntry`.`isCredit` LIMIT ? OFFSET ?
 GET /grants/new 200 in 217ms (next.js: 73ms, proxy.ts: 6ms, application-code: 138ms)
 GET /api/auth/session 200 in 154ms (next.js: 136ms, application-code: 17ms)
prisma:query SELECT 1
prisma:query SELECT `main`.`Grant`.`id`, `main`.`Grant`.`grantNumber`, `main`.`Grant`.`beneficiaryId`, `main`.`Grant`.`amount`, `main`.`Grant`.`purpose`, `main`.`Grant`.`dateApproved`, `main`.`Grant`.`disbursedDate`, `main`.`Grant`.`status`, `main`.`Grant`.`notes`, `main`.`Grant`.`createdAt`, `main`.`Grant`.`updatedAt`, `main`.`Grant`.`createdBy`, `main`.`Grant`.`updatedBy` FROM `main`.`Grant` WHERE 1=1 ORDER BY `main`.`Grant`.`createdAt` DESC LIMIT ? OFFSET ?
 GET /grants/manage 200 in 723ms (next.js: 561ms, proxy.ts: 8ms, application-code: 154ms)
